{"uuid":"17bcbf86-c90d-45a5-9097-8701dd120549","historyId":"b656763d95419c2b1e5b5213b5580692","fullName":"src/test/resources/feature_files/APITest.feature:20","labels":[{"name":"host","value":"DESKTOP-2QKOKMP"},{"name":"thread","value":"33084@DESKTOP-2QKOKMP.main(1)"},{"name":"feature","value":"Testing USD rates against multiple currencies API"},{"name":"story","value":"Verify API call is successful and returns valid price"},{"name":"suite","value":"Testing USD rates against multiple currencies API"},{"name":"testClass","value":"Verify API call is successful and returns valid price"},{"name":"framework","value":"cucumber4jvm"},{"name":"language","value":"java"},{"name":"gherkin_uri","value":"file:///D:/Eclipse_Project/R3_Demo/src/test/resources/feature_files/APITest.feature"},{"name":"package","value":"src.test.resources.feature_files.APITest_feature.Testing USD rates against multiple currencies API"}],"links":[],"name":"Verify API call is successful and returns valid price","status":"failed","statusDetails":{"known":false,"muted":false,"flaky":false,"message":"API status code is not 200 expected:<200> but was:<SUCCESS>","trace":"java.lang.AssertionError: API status code is not 200 expected:<200> but was:<SUCCESS>\r\n\tat com.R3.Demo.APITest.testAPIStatusCodeAndStatus(APITest.java:30)\r\n\tat com.R3.Demo.StepDefinitions.theAPICallIsSuccessful(StepDefinitions.java:24)\r\n\tat ✽.the API call is successful(file:///D:/Eclipse_Project/R3_Demo/src/test/resources/feature_files/APITest.feature:22)\r\n"},"stage":"finished","steps":[{"name":"Given  I make a GET request to the API","status":"passed","statusDetails":{"known":false,"muted":false,"flaky":false},"stage":"finished","steps":[],"attachments":[],"parameters":[],"start":1711917933213,"stop":1711917933231},{"name":"Then  the API call is successful","status":"failed","statusDetails":{"known":false,"muted":false,"flaky":false,"message":"API status code is not 200 expected:<200> but was:<SUCCESS>","trace":"java.lang.AssertionError: API status code is not 200 expected:<200> but was:<SUCCESS>\r\n\tat com.R3.Demo.APITest.testAPIStatusCodeAndStatus(APITest.java:30)\r\n\tat com.R3.Demo.StepDefinitions.theAPICallIsSuccessful(StepDefinitions.java:24)\r\n\tat ✽.the API call is successful(file:///D:/Eclipse_Project/R3_Demo/src/test/resources/feature_files/APITest.feature:22)\r\n"},"stage":"finished","steps":[],"attachments":[],"parameters":[],"start":1711917933233,"stop":1711917933250},{"name":"And  the response contains valid price","status":"skipped","statusDetails":{"known":false,"muted":false,"flaky":false},"stage":"finished","steps":[],"attachments":[],"parameters":[],"start":1711917933253,"stop":1711917933258}],"attachments":[],"parameters":[],"start":1711917933211,"stop":1711917933259}