{"uuid":"7243398c-e56b-45b3-995f-2c4c5c8de143","historyId":"d24946b5677abf4e10a7bc426f9e9c73","fullName":"src/test/resources/feature_files/APITest.feature:3","labels":[{"name":"host","value":"DESKTOP-2QKOKMP"},{"name":"thread","value":"33080@DESKTOP-2QKOKMP.main(1)"},{"name":"feature","value":"Testing USD rates against multiple currencies API"},{"name":"story","value":"Verify status code and status returned by the API response"},{"name":"suite","value":"Testing USD rates against multiple currencies API"},{"name":"testClass","value":"Verify status code and status returned by the API response"},{"name":"framework","value":"cucumber4jvm"},{"name":"language","value":"java"},{"name":"gherkin_uri","value":"file:///D:/Eclipse_Project/R3_Demo/src/test/resources/feature_files/APITest.feature"},{"name":"package","value":"src.test.resources.feature_files.APITest_feature.Testing USD rates against multiple currencies API"}],"links":[],"name":"Verify status code and status returned by the API response","status":"failed","statusDetails":{"known":false,"muted":false,"flaky":false,"message":"API status code is not as expected expected:<200> but was:<UNKNOWN>","trace":"java.lang.AssertionError: API status code is not as expected expected:<200> but was:<UNKNOWN>\r\n\tat com.R3.Demo.APITest.testAPIStatusCode(APITest.java:32)\r\n\tat com.R3.Demo.StepDefinitions.theStatusCodeIs(StepDefinitions.java:36)\r\n\tat ✽.the status code is \"200\"(file:///D:/Eclipse_Project/R3_Demo/src/test/resources/feature_files/APITest.feature:5)\r\n"},"stage":"finished","steps":[{"name":"Given  I make a GET request to the API","status":"passed","statusDetails":{"known":false,"muted":false,"flaky":false},"stage":"finished","steps":[],"attachments":[],"parameters":[],"start":1711911082178,"stop":1711911082738},{"name":"Then  the status code is \"200\"","status":"failed","statusDetails":{"known":false,"muted":false,"flaky":false,"message":"API status code is not as expected expected:<200> but was:<UNKNOWN>","trace":"java.lang.AssertionError: API status code is not as expected expected:<200> but was:<UNKNOWN>\r\n\tat com.R3.Demo.APITest.testAPIStatusCode(APITest.java:32)\r\n\tat com.R3.Demo.StepDefinitions.theStatusCodeIs(StepDefinitions.java:36)\r\n\tat ✽.the status code is \"200\"(file:///D:/Eclipse_Project/R3_Demo/src/test/resources/feature_files/APITest.feature:5)\r\n"},"stage":"finished","steps":[],"attachments":[],"parameters":[],"start":1711911082742,"stop":1711911115451},{"name":"And  the status is \"SUCCESS\"","status":"skipped","statusDetails":{"known":false,"muted":false,"flaky":false},"stage":"finished","steps":[],"attachments":[],"parameters":[],"start":1711911115455,"stop":1711911115462}],"attachments":[],"parameters":[],"start":1711911082162,"stop":1711911115466}